<?xml version="1.0" encoding="UTF-8"?>
<testng-results ignored="0" total="1" passed="1" failed="0" skipped="0">
  <reporter-output>
  </reporter-output>
  <suite started-at="2024-04-02T12:44:25 IST" name="Default suite" finished-at="2024-04-02T12:44:56 IST" duration-ms="30983">
    <groups>
    </groups>
    <test started-at="2024-04-02T12:44:25 IST" name="Default test" finished-at="2024-04-02T12:44:56 IST" duration-ms="30983">
      <class name="com.base.test.LoginUITest">
        <test-method signature="titleTest()[pri:0, instance:com.base.test.LoginUITest@5158b42f]" started-at="2024-04-02T12:44:25 IST" name="titleTest" finished-at="2024-04-02T12:44:56 IST" duration-ms="30933" status="PASS">
          <reporter-output>
          </reporter-output>
        </test-method> <!-- titleTest -->
      </class> <!-- com.base.test.LoginUITest -->
    </test> <!-- Default test -->
  </suite> <!-- Default suite -->
</testng-results>
